[backblue.gif]
[fade.gif]
[index.html]
[code.gamelet.com/gassets/engine/2vr46d/static/css/preload.css]
[code.gamelet.com/gassets/engine/2vr46d/static/img/logo_42.png]
[cdnjs.cloudflare.com/ajax/libs/pace/1.2.4/pace.min.js]
[twrolecgeditor.gamelet.online/play.html]
[code.gamelet.com/gassets/engine/2vr46d/static/js/boot.prod.min.js]
[code.gamelet.com/css/site1ee8.css]
[maxcdn.bootstrapcdn.com/bootstrap/3.3.7/css/bootstrap.min.css]
[code.jquery.com/jquery-3.6.2.min.js]
[twrolecgeditor.gamelet.online/play/twrolecgeditor.html]
[code.gamelet.com/gassets/engine/2vr46d/static/css/preload.css]
[twrolecgeditor.gamelet.online/img/favicon_v1.html]
[twrolecgeditor.gamelet.online/img/logo_v1_32.html]
[twrolecgeditor.gamelet.online/img/logo_v1_50.html]
[twrolecgeditor.gamelet.online/img/logo_v1_100.html]
[twrolecgeditor.gamelet.online/img/logo_v1_200.html]
[maxcdn.bootstrapcdn.com/bootstrap/3.3.7/js/bootstrap.min.js]
[code.gamelet.com/img/logo_v1_42.png]
[code.gamelet.com/css/site1ee8.css]
[maxcdn.bootstrapcdn.com/bootstrap/3.3.7/css/bootstrap.min.css]
[cdn.jsdelivr.net/npm/bootstrap@5.1.3/dist/css/bootstrap.min.css]
[twrolecgeditor.gamelet.online/privacy_policy.html]
[twrolecgeditor.gamelet.online/terms_of_service.html]
[cdn.jsdelivr.net/npm/bootstrap@5.1.3/dist/css/bootstrap.min.css]
[cdn.jsdelivr.net/npm/bootstrap@5.1.3/dist/js/bootstrap.bundle.min.js]
[cdnjs.cloudflare.com/ajax/libs/font-awesome/5.5.0/css/all.min.css]
[code.gamelet.com/static/github-markdown.min1ee8.css]
[code.gamelet.com/static/theme.light1ee8.css]
[code.gamelet.com/static/gamepage1ee8.css]
[connect.facebook.net/zh_TW/sdk.js]
[code.gamelet.com/static/ajax-loader1ee8.gif]
[code.gamelet.com/static/showdown.min1ee8.js]
[code.gamelet.com/static/store2.min1ee8.js]
[twrolecgeditor.gamelet.online/index.html]
[code.gamelet.com/static/gamepage.min1ee8.js]
[cdnjs.cloudflare.com/ajax/libs/font-awesome/5.5.0/css/all.min.css]
[code.gamelet.com/static/github-markdown.min1ee8.css]
[code.gamelet.com/static/theme.light1ee8.css]
[code.gamelet.com/static/gamepage1ee8.css]
[connect.facebook.net/zh_TW/sdk.js]
[twrolecgeditor.gamelet.online/index1da2.html]
[twrolecgeditor.gamelet.online/indexedf5.html]
[twrolecgeditor.gamelet.online/index6504.html]
[twrolecgeditor.gamelet.online/index3e76.html]
[twrolecgeditor.gamelet.online/index6a7b.html]
